	Command being timed: "./kmerEst ../../ERR309932/ERR309932.fastq 31 50000000 0"
	User time (seconds): 163.60
	System time (seconds): 72.23
	Percent of CPU this job got: 86%
	Elapsed (wall clock) time (h:mm:ss or m:ss): 4:33.00
	Average shared text size (kbytes): 0
	Average unshared data size (kbytes): 0
	Average stack size (kbytes): 0
	Average total size (kbytes): 0
	Maximum resident set size (kbytes): 1742152
	Average resident set size (kbytes): 0
	Major (requiring I/O) page faults: 7
	Minor (reclaiming a frame) page faults: 809984
	Voluntary context switches: 33
	Involuntary context switches: 1167662
	Swaps: 0
	File system inputs: 592
	File system outputs: 64
	Socket messages sent: 0
	Socket messages received: 0
	Signals delivered: 0
	Page size (bytes): 4096
	Exit status: 0
